0 info it worked if it ends with ok
1 verbose cli [ '/usr/bin/nodejs', '/usr/bin/npm', 'run', 'compile-css' ]
2 info using npm@3.8.0
3 info using node@v5.7.0
4 verbose run-script [ 'precompile-css', 'compile-css', 'postcompile-css' ]
5 info lifecycle natural-language-form@1.0.0~precompile-css: natural-language-form@1.0.0
6 silly lifecycle natural-language-form@1.0.0~precompile-css: no script for precompile-css, continuing
7 info lifecycle natural-language-form@1.0.0~compile-css: natural-language-form@1.0.0
8 verbose lifecycle natural-language-form@1.0.0~compile-css: unsafe-perm in lifecycle true
9 verbose lifecycle natural-language-form@1.0.0~compile-css: PATH: /usr/lib/node_modules/npm/bin/node-gyp-bin:/data/sources/a-polito/natural-language-form/node_modules/.bin:/usr/bin:/usr/local/sbin:/usr/local/bin:/usr/sbin:/usr/bin:/sbin:/bin:/usr/games:/usr/local/games:/snap/bin
10 verbose lifecycle natural-language-form@1.0.0~compile-css: CWD: /data/sources/a-polito/natural-language-form
11 silly lifecycle natural-language-form@1.0.0~compile-css: Args: [ '-c',
11 silly lifecycle   'node-sass -w -o css css/scss/natural-form-language.scss natural-form-language.css' ]
12 silly lifecycle natural-language-form@1.0.0~compile-css: Returned: code: 1  signal: null
13 info lifecycle natural-language-form@1.0.0~compile-css: Failed to exec compile-css script
14 verbose stack Error: natural-language-form@1.0.0 compile-css: `node-sass -w -o css css/scss/natural-form-language.scss natural-form-language.css`
14 verbose stack Exit status 1
14 verbose stack     at EventEmitter.<anonymous> (/usr/lib/node_modules/npm/lib/utils/lifecycle.js:239:16)
14 verbose stack     at emitTwo (events.js:100:13)
14 verbose stack     at EventEmitter.emit (events.js:185:7)
14 verbose stack     at ChildProcess.<anonymous> (/usr/lib/node_modules/npm/lib/utils/spawn.js:24:14)
14 verbose stack     at emitTwo (events.js:100:13)
14 verbose stack     at ChildProcess.emit (events.js:185:7)
14 verbose stack     at maybeClose (internal/child_process.js:827:16)
14 verbose stack     at Process.ChildProcess._handle.onexit (internal/child_process.js:211:5)
15 verbose pkgid natural-language-form@1.0.0
16 verbose cwd /data/sources/a-polito/natural-language-form
17 error Linux 4.4.0-22-generic
18 error argv "/usr/bin/nodejs" "/usr/bin/npm" "run" "compile-css"
19 error node v5.7.0
20 error npm  v3.8.0
21 error code ELIFECYCLE
22 error natural-language-form@1.0.0 compile-css: `node-sass -w -o css css/scss/natural-form-language.scss natural-form-language.css`
22 error Exit status 1
23 error Failed at the natural-language-form@1.0.0 compile-css script 'node-sass -w -o css css/scss/natural-form-language.scss natural-form-language.css'.
23 error Make sure you have the latest version of node.js and npm installed.
23 error If you do, this is most likely a problem with the natural-language-form package,
23 error not with npm itself.
23 error Tell the author that this fails on your system:
23 error     node-sass -w -o css css/scss/natural-form-language.scss natural-form-language.css
23 error You can get information on how to open an issue for this project with:
23 error     npm bugs natural-language-form
23 error Or if that isn't available, you can get their info via:
23 error     npm owner ls natural-language-form
23 error There is likely additional logging output above.
24 verbose exit [ 1, true ]
